1352 [main] INFO  l.a.j.c.BooksControllerTest - Starting BooksControllerTest using Java 22.0.2 with PID 11392 (started by USER in C:\Users\USER\IdeaProjects\java-conspect\Java conspect RUS)
1362 [main] DEBUG l.a.j.c.BooksControllerTest - Running with Spring Boot v3.3.4, Spring v6.1.13
1363 [main] INFO  l.a.j.c.BooksControllerTest - No active profile set, falling back to 1 default profile: "default"
3159 [main] INFO  l.a.j.c.BooksControllerTest - Started BooksControllerTest in 2.113 seconds (process running for 3.715)
4193 [main] INFO  l.a.j.c.ReaderControllerTest - Starting ReaderControllerTest using Java 22.0.2 with PID 11392 (started by USER in C:\Users\USER\IdeaProjects\java-conspect\Java conspect RUS)
4194 [main] DEBUG l.a.j.c.ReaderControllerTest - Running with Spring Boot v3.3.4, Spring v6.1.13
4194 [main] INFO  l.a.j.c.ReaderControllerTest - No active profile set, falling back to 1 default profile: "default"
8456 [main] INFO  l.a.j.c.ReaderControllerTest - Started ReaderControllerTest in 4.318 seconds (process running for 9.012)
9540 [http-nio-auto-1-exec-9] DEBUG l.a.j.controllers.ManageController - Give to reader 6 book 1
9551 [http-nio-auto-1-exec-9] INFO  l.a.j.controllers.ManageController - Give to reader 6 book 1 success
9569 [http-nio-auto-1-exec-2] DEBUG l.a.j.controllers.ManageController - Give to reader 7 book 2
9576 [http-nio-auto-1-exec-2] INFO  l.a.j.controllers.ManageController - Give to reader 7 book 2 success
9601 [http-nio-auto-1-exec-5] DEBUG l.a.j.controllers.ManageController - Give to reader 8 book 3
9608 [http-nio-auto-1-exec-5] INFO  l.a.j.controllers.ManageController - Give to reader 8 book 3 success
9633 [http-nio-auto-1-exec-8] DEBUG l.a.j.controllers.ManageController - Give to reader 9 book 4
9639 [http-nio-auto-1-exec-8] INFO  l.a.j.controllers.ManageController - Give to reader 9 book 4 success
1515 [main] INFO  l.a.j.c.BooksControllerTest - Starting BooksControllerTest using Java 22.0.2 with PID 12660 (started by USER in C:\Users\USER\IdeaProjects\java-conspect\Java conspect RUS)
1515 [main] DEBUG l.a.j.c.BooksControllerTest - Running with Spring Boot v3.3.4, Spring v6.1.13
1516 [main] INFO  l.a.j.c.BooksControllerTest - No active profile set, falling back to 1 default profile: "default"
3623 [main] INFO  l.a.j.c.BooksControllerTest - Started BooksControllerTest in 2.444 seconds (process running for 4.361)
4623 [main] INFO  l.a.j.c.ReaderControllerTest - Starting ReaderControllerTest using Java 22.0.2 with PID 12660 (started by USER in C:\Users\USER\IdeaProjects\java-conspect\Java conspect RUS)
4623 [main] DEBUG l.a.j.c.ReaderControllerTest - Running with Spring Boot v3.3.4, Spring v6.1.13
4624 [main] INFO  l.a.j.c.ReaderControllerTest - No active profile set, falling back to 1 default profile: "default"
9354 [main] INFO  l.a.j.c.ReaderControllerTest - Started ReaderControllerTest in 4.785 seconds (process running for 10.091)
10529 [http-nio-auto-1-exec-9] DEBUG l.a.j.controllers.ManageController - Give to reader 6 book 1
10542 [http-nio-auto-1-exec-9] INFO  l.a.j.controllers.ManageController - Give to reader 6 book 1 success
10558 [http-nio-auto-1-exec-2] DEBUG l.a.j.controllers.ManageController - Give to reader 7 book 2
10565 [http-nio-auto-1-exec-2] INFO  l.a.j.controllers.ManageController - Give to reader 7 book 2 success
10589 [http-nio-auto-1-exec-5] DEBUG l.a.j.controllers.ManageController - Give to reader 8 book 3
10595 [http-nio-auto-1-exec-5] INFO  l.a.j.controllers.ManageController - Give to reader 8 book 3 success
10604 [http-nio-auto-1-exec-8] DEBUG l.a.j.controllers.ManageController - Give to reader 9 book 4
10610 [http-nio-auto-1-exec-8] INFO  l.a.j.controllers.ManageController - Give to reader 9 book 4 success
